<?xml version="1.0" encoding="UTF-8"?>
<robot generator="Robot 3.0.4 (Python 3.6.5 on darwin)" generated="20181115 22:50:24.271">
<suite id="s1" name="Gogoro" source="/Users/tcyang/PycharmProjects/gogoro/tests/gogoro.robot">
<test id="s1-t1" name="Landing Main Page">
<kw name="Begin Web Test" library="common">
<kw name="Open Browser" library="SeleniumLibrary">
<doc>Opens a new browser instance to the given ``url``.</doc>
<arguments>
<arg>about:blank</arg>
<arg>${BROWSER}</arg>
</arguments>
<msg timestamp="20181115 22:50:24.455" level="INFO">Opening browser 'ff' to base url 'about:blank'.</msg>
<status status="PASS" starttime="20181115 22:50:24.455" endtime="20181115 22:50:27.959"></status>
</kw>
<kw name="Maximize Browser Window" library="SeleniumLibrary">
<doc>Maximizes current browser window.</doc>
<status status="PASS" starttime="20181115 22:50:27.960" endtime="20181115 22:50:28.261"></status>
</kw>
<status status="PASS" starttime="20181115 22:50:24.454" endtime="20181115 22:50:28.261"></status>
</kw>
<kw name="Verify main page landing successsful" library="gogoroWebApp">
<kw name="Load" library="landingPage">
<kw name="Go To" library="SeleniumLibrary">
<doc>Navigates the active browser instance to the provided ``url``.</doc>
<arguments>
<arg>${START_URL}</arg>
</arguments>
<msg timestamp="20181115 22:50:28.263" level="INFO">Opening url 'https://www.gogoro.com/tw/'</msg>
<status status="PASS" starttime="20181115 22:50:28.262" endtime="20181115 22:50:33.778"></status>
</kw>
<status status="PASS" starttime="20181115 22:50:28.262" endtime="20181115 22:50:33.778"></status>
</kw>
<kw name="Verify Page Loaded" library="landingPage">
<kw name="Page Should Contain Element" library="SeleniumLibrary">
<doc>Verifies that element ``locator`` is found on the current page.</doc>
<arguments>
<arg>${SIGNIN_MAIN_HEADING}</arg>
</arguments>
<msg timestamp="20181115 22:50:33.784" level="INFO">Current page contains element 'xpath=//li[@class='ggr-nav-item ggr-nav-item--logo gc-desktop-visible']//a[@class='nav-logo nav-logo--dark'][contains(text(),'Gogoro')]'.</msg>
<status status="PASS" starttime="20181115 22:50:33.779" endtime="20181115 22:50:33.784"></status>
</kw>
<kw name="Element Text Should Be" library="SeleniumLibrary">
<doc>Verifies that element ``locator`` contains exact text ``expected``.</doc>
<arguments>
<arg>${SIGNIN_MAIN_HEADING}</arg>
<arg>Gogoro</arg>
</arguments>
<msg timestamp="20181115 22:50:33.785" level="INFO">Verifying element 'xpath=//li[@class='ggr-nav-item ggr-nav-item--logo gc-desktop-visible']//a[@class='nav-logo nav-logo--dark'][contains(text(),'Gogoro')]' contains exact text 'Gogoro'.</msg>
<status status="PASS" starttime="20181115 22:50:33.784" endtime="20181115 22:50:33.802"></status>
</kw>
<kw name="Wait Until Element Is Visible" library="SeleniumLibrary">
<doc>Waits until element ``locator`` is visible.</doc>
<arguments>
<arg>${LOGIN_BTN}</arg>
<arg>timeout=30s</arg>
</arguments>
<status status="PASS" starttime="20181115 22:50:33.803" endtime="20181115 22:50:33.819"></status>
</kw>
<kw name="Wait Until Page Contains" library="SeleniumLibrary">
<doc>Waits until ``text`` appears on current page.</doc>
<arguments>
<arg>登入</arg>
</arguments>
<status status="PASS" starttime="20181115 22:50:33.819" endtime="20181115 22:50:33.829"></status>
</kw>
<status status="PASS" starttime="20181115 22:50:33.778" endtime="20181115 22:50:33.829"></status>
</kw>
<status status="PASS" starttime="20181115 22:50:28.262" endtime="20181115 22:50:33.829"></status>
</kw>
<doc>正確進入Main Page</doc>
<tags>
<tag>smoke LandingMainPage</tag>
</tags>
<status status="PASS" starttime="20181115 22:50:24.453" endtime="20181115 22:50:33.830" critical="yes"></status>
</test>
<test id="s1-t2" name="Landing LOGIN Page">
<kw name="GO TO LOGIN page" library="gogoroWebApp">
<kw name="GO TO LOGIN page" library="signIn">
<kw name="Click Element" library="SeleniumLibrary">
<doc>Click element identified by ``locator``.</doc>
<arguments>
<arg>${LOGIN_BTN}</arg>
</arguments>
<msg timestamp="20181115 22:50:33.833" level="INFO">Clicking element 'xpath=//li[@class='ggr-nav-item ggr-nav-item--secondary ggr-nav-item--login gc-desktop-visible']//a[@class='ggr-nav-link nav-list__link nav-list__link--login nav-list__link--dark'][contains(text(),'登入')]'.</msg>
<status status="PASS" starttime="20181115 22:50:33.833" endtime="20181115 22:50:36.512"></status>
</kw>
<status status="PASS" starttime="20181115 22:50:33.833" endtime="20181115 22:50:36.513"></status>
</kw>
<status status="PASS" starttime="20181115 22:50:33.832" endtime="20181115 22:50:36.513"></status>
</kw>
<kw name="Verify LOGIN page landing successsful" library="gogoroWebApp">
<kw name="Verify landing LOGIN page" library="signIn">
<kw name="Wait Until Page Contains" library="SeleniumLibrary">
<doc>Waits until ``text`` appears on current page.</doc>
<arguments>
<arg>電子信箱</arg>
</arguments>
<kw name="Capture Page Screenshot" library="SeleniumLibrary">
<doc>Takes screenshot of the current page and embeds it into log file.</doc>
<msg timestamp="20181115 22:50:36.572" level="FAIL">NoSuchWindowException: Message: Browsing context has been discarded
</msg>
<status status="FAIL" starttime="20181115 22:50:36.519" endtime="20181115 22:50:36.572"></status>
</kw>
<msg timestamp="20181115 22:50:36.572" level="WARN">Keyword 'Capture Page Screenshot' could not be run on failure: NoSuchWindowException: Message: Browsing context has been discarded
</msg>
<msg timestamp="20181115 22:50:36.575" level="FAIL">NoSuchWindowException: Message: Browsing context has been discarded
</msg>
<status status="FAIL" starttime="20181115 22:50:36.514" endtime="20181115 22:50:36.575"></status>
</kw>
<status status="FAIL" starttime="20181115 22:50:36.514" endtime="20181115 22:50:36.575"></status>
</kw>
<status status="FAIL" starttime="20181115 22:50:36.513" endtime="20181115 22:50:36.576"></status>
</kw>
<doc>正確進入Login Page</doc>
<tags>
<tag>smoke Login</tag>
</tags>
<status status="FAIL" starttime="20181115 22:50:33.831" endtime="20181115 22:50:36.576" critical="yes">NoSuchWindowException: Message: Browsing context has been discarded
</status>
</test>
<test id="s1-t3" name="Login with Invalid Email">
<kw name="Login with Invalid Email" library="gogoroWebApp">
<arguments>
<arg>${INVALID_LOGIN_EMAIL}</arg>
<arg>${INVALID_LOGIN_PASSWORD}</arg>
</arguments>
<kw name="Login With Credentials" library="signIn">
<arguments>
<arg>${Username}</arg>
<arg>${Password}</arg>
</arguments>
<kw name="Fill &quot;Email&quot; Field" library="signIn">
<arguments>
<arg>${Username}</arg>
</arguments>
<kw name="Input Text" library="SeleniumLibrary">
<doc>Types the given ``text`` into text field identified by ``locator``.</doc>
<arguments>
<arg>${EMAIL_FIELD}</arg>
<arg>${Username}</arg>
</arguments>
<msg timestamp="20181115 22:50:36.579" level="INFO">Typing text 'fqoff740818@gmail.co' into text field 'xpath=//input[@id='email']'.</msg>
<kw name="Capture Page Screenshot" library="SeleniumLibrary">
<doc>Takes screenshot of the current page and embeds it into log file.</doc>
<msg timestamp="20181115 22:50:36.586" level="FAIL">NoSuchWindowException: Message: Browsing context has been discarded
</msg>
<status status="FAIL" starttime="20181115 22:50:36.582" endtime="20181115 22:50:36.587"></status>
</kw>
<msg timestamp="20181115 22:50:36.587" level="WARN">Keyword 'Capture Page Screenshot' could not be run on failure: NoSuchWindowException: Message: Browsing context has been discarded
</msg>
<msg timestamp="20181115 22:50:36.589" level="FAIL">NoSuchWindowException: Message: Browsing context has been discarded
</msg>
<status status="FAIL" starttime="20181115 22:50:36.579" endtime="20181115 22:50:36.589"></status>
</kw>
<status status="FAIL" starttime="20181115 22:50:36.579" endtime="20181115 22:50:36.589"></status>
</kw>
<status status="FAIL" starttime="20181115 22:50:36.578" endtime="20181115 22:50:36.589"></status>
</kw>
<status status="FAIL" starttime="20181115 22:50:36.578" endtime="20181115 22:50:36.590"></status>
</kw>
<doc>非法Email測試</doc>
<tags>
<tag>smoke Login</tag>
</tags>
<status status="FAIL" starttime="20181115 22:50:36.576" endtime="20181115 22:50:36.590" critical="yes">NoSuchWindowException: Message: Browsing context has been discarded
</status>
</test>
<test id="s1-t4" name="Login with Invalid Password">
<kw name="Login with Invalid Password" library="gogoroWebApp">
<arguments>
<arg>${LOGIN_EMAIL}</arg>
<arg>${INVALID_LOGIN_PASSWORD}</arg>
</arguments>
<kw name="Login With Credentials" library="signIn">
<arguments>
<arg>${Username}</arg>
<arg>${Password}</arg>
</arguments>
<kw name="Fill &quot;Email&quot; Field" library="signIn">
<arguments>
<arg>${Username}</arg>
</arguments>
<kw name="Input Text" library="SeleniumLibrary">
<doc>Types the given ``text`` into text field identified by ``locator``.</doc>
<arguments>
<arg>${EMAIL_FIELD}</arg>
<arg>${Username}</arg>
</arguments>
<msg timestamp="20181115 22:50:36.595" level="INFO">Typing text 'fqoff740818@gmail.com' into text field 'xpath=//input[@id='email']'.</msg>
<kw name="Capture Page Screenshot" library="SeleniumLibrary">
<doc>Takes screenshot of the current page and embeds it into log file.</doc>
<msg timestamp="20181115 22:50:36.603" level="FAIL">NoSuchWindowException: Message: Browsing context has been discarded
</msg>
<status status="FAIL" starttime="20181115 22:50:36.600" endtime="20181115 22:50:36.603"></status>
</kw>
<msg timestamp="20181115 22:50:36.603" level="WARN">Keyword 'Capture Page Screenshot' could not be run on failure: NoSuchWindowException: Message: Browsing context has been discarded
</msg>
<msg timestamp="20181115 22:50:36.604" level="FAIL">NoSuchWindowException: Message: Browsing context has been discarded
</msg>
<status status="FAIL" starttime="20181115 22:50:36.594" endtime="20181115 22:50:36.604"></status>
</kw>
<status status="FAIL" starttime="20181115 22:50:36.594" endtime="20181115 22:50:36.604"></status>
</kw>
<status status="FAIL" starttime="20181115 22:50:36.593" endtime="20181115 22:50:36.604"></status>
</kw>
<status status="FAIL" starttime="20181115 22:50:36.592" endtime="20181115 22:50:36.605"></status>
</kw>
<doc>非法Password測試</doc>
<tags>
<tag>smoke Login</tag>
</tags>
<status status="FAIL" starttime="20181115 22:50:36.591" endtime="20181115 22:50:36.605" critical="yes">NoSuchWindowException: Message: Browsing context has been discarded
</status>
</test>
<test id="s1-t5" name="Login with Invalid len Password">
<kw name="Login with Invalid Password" library="gogoroWebApp">
<arguments>
<arg>${LOGIN_EMAIL}</arg>
<arg>123</arg>
</arguments>
<kw name="Login With Credentials" library="signIn">
<arguments>
<arg>${Username}</arg>
<arg>${Password}</arg>
</arguments>
<kw name="Fill &quot;Email&quot; Field" library="signIn">
<arguments>
<arg>${Username}</arg>
</arguments>
<kw name="Input Text" library="SeleniumLibrary">
<doc>Types the given ``text`` into text field identified by ``locator``.</doc>
<arguments>
<arg>${EMAIL_FIELD}</arg>
<arg>${Username}</arg>
</arguments>
<msg timestamp="20181115 22:50:36.609" level="INFO">Typing text 'fqoff740818@gmail.com' into text field 'xpath=//input[@id='email']'.</msg>
<kw name="Capture Page Screenshot" library="SeleniumLibrary">
<doc>Takes screenshot of the current page and embeds it into log file.</doc>
<msg timestamp="20181115 22:50:36.615" level="FAIL">NoSuchWindowException: Message: Browsing context has been discarded
</msg>
<status status="FAIL" starttime="20181115 22:50:36.611" endtime="20181115 22:50:36.615"></status>
</kw>
<msg timestamp="20181115 22:50:36.615" level="WARN">Keyword 'Capture Page Screenshot' could not be run on failure: NoSuchWindowException: Message: Browsing context has been discarded
</msg>
<msg timestamp="20181115 22:50:36.616" level="FAIL">NoSuchWindowException: Message: Browsing context has been discarded
</msg>
<status status="FAIL" starttime="20181115 22:50:36.608" endtime="20181115 22:50:36.616"></status>
</kw>
<status status="FAIL" starttime="20181115 22:50:36.608" endtime="20181115 22:50:36.617"></status>
</kw>
<status status="FAIL" starttime="20181115 22:50:36.608" endtime="20181115 22:50:36.617"></status>
</kw>
<status status="FAIL" starttime="20181115 22:50:36.607" endtime="20181115 22:50:36.618"></status>
</kw>
<doc>非法Password格式測試</doc>
<tags>
<tag>smoke Login</tag>
</tags>
<status status="FAIL" starttime="20181115 22:50:36.606" endtime="20181115 22:50:36.618" critical="yes">NoSuchWindowException: Message: Browsing context has been discarded
</status>
</test>
<test id="s1-t6" name="Login with Valid Credentials">
<kw name="Login with Valid Credentials" library="gogoroWebApp">
<arguments>
<arg>${LOGIN_EMAIL}</arg>
<arg>${LOGIN_PASSWORD}</arg>
</arguments>
<kw name="Login With Credentials" library="signIn">
<arguments>
<arg>${Username}</arg>
<arg>${Password}</arg>
</arguments>
<kw name="Fill &quot;Email&quot; Field" library="signIn">
<arguments>
<arg>${Username}</arg>
</arguments>
<kw name="Input Text" library="SeleniumLibrary">
<doc>Types the given ``text`` into text field identified by ``locator``.</doc>
<arguments>
<arg>${EMAIL_FIELD}</arg>
<arg>${Username}</arg>
</arguments>
<msg timestamp="20181115 22:50:36.622" level="INFO">Typing text 'fqoff740818@gmail.com' into text field 'xpath=//input[@id='email']'.</msg>
<kw name="Capture Page Screenshot" library="SeleniumLibrary">
<doc>Takes screenshot of the current page and embeds it into log file.</doc>
<msg timestamp="20181115 22:50:36.632" level="FAIL">NoSuchWindowException: Message: Browsing context has been discarded
</msg>
<status status="FAIL" starttime="20181115 22:50:36.627" endtime="20181115 22:50:36.632"></status>
</kw>
<msg timestamp="20181115 22:50:36.632" level="WARN">Keyword 'Capture Page Screenshot' could not be run on failure: NoSuchWindowException: Message: Browsing context has been discarded
</msg>
<msg timestamp="20181115 22:50:36.633" level="FAIL">NoSuchWindowException: Message: Browsing context has been discarded
</msg>
<status status="FAIL" starttime="20181115 22:50:36.622" endtime="20181115 22:50:36.633"></status>
</kw>
<status status="FAIL" starttime="20181115 22:50:36.622" endtime="20181115 22:50:36.634"></status>
</kw>
<status status="FAIL" starttime="20181115 22:50:36.621" endtime="20181115 22:50:36.634"></status>
</kw>
<status status="FAIL" starttime="20181115 22:50:36.620" endtime="20181115 22:50:36.634"></status>
</kw>
<doc>正確登入測試</doc>
<tags>
<tag>smoke Login</tag>
</tags>
<status status="FAIL" starttime="20181115 22:50:36.619" endtime="20181115 22:50:36.634" critical="yes">NoSuchWindowException: Message: Browsing context has been discarded
</status>
</test>
<test id="s1-t7" name="Feature 1">
<kw name="Log" library="BuiltIn">
<doc>Logs the given message with the given level.</doc>
<arguments>
<arg>feature1 test test</arg>
</arguments>
<msg timestamp="20181115 22:50:36.636" level="INFO">feature1 test test</msg>
<status status="PASS" starttime="20181115 22:50:36.636" endtime="20181115 22:50:36.636"></status>
</kw>
<status status="PASS" starttime="20181115 22:50:36.635" endtime="20181115 22:50:36.636" critical="yes"></status>
</test>
<doc>gogoro web login test</doc>
<status status="FAIL" starttime="20181115 22:50:24.273" endtime="20181115 22:50:36.638"></status>
</suite>
<statistics>
<total>
<stat pass="2" fail="5">Critical Tests</stat>
<stat pass="2" fail="5">All Tests</stat>
</total>
<tag>
<stat pass="1" fail="0">smoke LandingMainPage</stat>
<stat pass="0" fail="5">smoke Login</stat>
</tag>
<suite>
<stat pass="2" fail="5" id="s1" name="Gogoro">Gogoro</stat>
</suite>
</statistics>
<errors>
<msg timestamp="20181115 22:50:36.572" level="WARN">Keyword 'Capture Page Screenshot' could not be run on failure: NoSuchWindowException: Message: Browsing context has been discarded
</msg>
<msg timestamp="20181115 22:50:36.587" level="WARN">Keyword 'Capture Page Screenshot' could not be run on failure: NoSuchWindowException: Message: Browsing context has been discarded
</msg>
<msg timestamp="20181115 22:50:36.603" level="WARN">Keyword 'Capture Page Screenshot' could not be run on failure: NoSuchWindowException: Message: Browsing context has been discarded
</msg>
<msg timestamp="20181115 22:50:36.615" level="WARN">Keyword 'Capture Page Screenshot' could not be run on failure: NoSuchWindowException: Message: Browsing context has been discarded
</msg>
<msg timestamp="20181115 22:50:36.632" level="WARN">Keyword 'Capture Page Screenshot' could not be run on failure: NoSuchWindowException: Message: Browsing context has been discarded
</msg>
</errors>
</robot>
