<?xml version="1.0" encoding="UTF-8"?>
<robot generator="Robot 3.0.4 (Python 3.6.5 on darwin)" generated="20181115 22:48:03.424">
<suite id="s1" name="Gogoro" source="/Users/tcyang/PycharmProjects/gogoro/tests/gogoro.robot">
<test id="s1-t1" name="Landing Main Page">
<kw name="Begin Web Test" library="common">
<kw name="Open Browser" library="SeleniumLibrary">
<doc>Opens a new browser instance to the given ``url``.</doc>
<arguments>
<arg>about:blank</arg>
<arg>${BROWSER}</arg>
</arguments>
<msg timestamp="20181115 22:48:03.619" level="INFO">Opening browser 'ff' to base url 'about:blank'.</msg>
<status status="PASS" starttime="20181115 22:48:03.619" endtime="20181115 22:48:07.022"></status>
</kw>
<kw name="Maximize Browser Window" library="SeleniumLibrary">
<doc>Maximizes current browser window.</doc>
<status status="PASS" starttime="20181115 22:48:07.022" endtime="20181115 22:48:07.353"></status>
</kw>
<status status="PASS" starttime="20181115 22:48:03.619" endtime="20181115 22:48:07.354"></status>
</kw>
<kw name="Verify main page landing successsful" library="gogoroWebApp">
<kw name="Load" library="landingPage">
<kw name="Go To" library="SeleniumLibrary">
<doc>Navigates the active browser instance to the provided ``url``.</doc>
<arguments>
<arg>${START_URL}</arg>
</arguments>
<msg timestamp="20181115 22:48:07.357" level="INFO">Opening url 'https://www.gogoro.com/tw/'</msg>
<status status="PASS" starttime="20181115 22:48:07.357" endtime="20181115 22:48:14.199"></status>
</kw>
<status status="PASS" starttime="20181115 22:48:07.355" endtime="20181115 22:48:14.200"></status>
</kw>
<kw name="Verify Page Loaded" library="landingPage">
<kw name="Page Should Contain Element" library="SeleniumLibrary">
<doc>Verifies that element ``locator`` is found on the current page.</doc>
<arguments>
<arg>${SIGNIN_MAIN_HEADING}</arg>
</arguments>
<msg timestamp="20181115 22:48:14.216" level="INFO">Current page contains element 'xpath=//li[@class='ggr-nav-item ggr-nav-item--logo gc-desktop-visible']//a[@class='nav-logo nav-logo--dark'][contains(text(),'Gogoro')]'.</msg>
<status status="PASS" starttime="20181115 22:48:14.201" endtime="20181115 22:48:14.216"></status>
</kw>
<kw name="Element Text Should Be" library="SeleniumLibrary">
<doc>Verifies that element ``locator`` contains exact text ``expected``.</doc>
<arguments>
<arg>${SIGNIN_MAIN_HEADING}</arg>
<arg>Gogoro</arg>
</arguments>
<msg timestamp="20181115 22:48:14.217" level="INFO">Verifying element 'xpath=//li[@class='ggr-nav-item ggr-nav-item--logo gc-desktop-visible']//a[@class='nav-logo nav-logo--dark'][contains(text(),'Gogoro')]' contains exact text 'Gogoro'.</msg>
<status status="PASS" starttime="20181115 22:48:14.217" endtime="20181115 22:48:14.239"></status>
</kw>
<kw name="Wait Until Element Is Visible" library="SeleniumLibrary">
<doc>Waits until element ``locator`` is visible.</doc>
<arguments>
<arg>${LOGIN_BTN}</arg>
<arg>timeout=30s</arg>
</arguments>
<status status="PASS" starttime="20181115 22:48:14.240" endtime="20181115 22:48:14.264"></status>
</kw>
<kw name="Wait Until Page Contains" library="SeleniumLibrary">
<doc>Waits until ``text`` appears on current page.</doc>
<arguments>
<arg>登入</arg>
</arguments>
<status status="PASS" starttime="20181115 22:48:14.265" endtime="20181115 22:48:14.274"></status>
</kw>
<status status="PASS" starttime="20181115 22:48:14.200" endtime="20181115 22:48:14.274"></status>
</kw>
<status status="PASS" starttime="20181115 22:48:07.355" endtime="20181115 22:48:14.274"></status>
</kw>
<doc>正確進入Main Page</doc>
<tags>
<tag>smoke LandingMainPage</tag>
</tags>
<status status="PASS" starttime="20181115 22:48:03.618" endtime="20181115 22:48:14.275" critical="yes"></status>
</test>
<test id="s1-t2" name="Landing LOGIN Page">
<kw name="GO TO LOGIN page" library="gogoroWebApp">
<kw name="GO TO LOGIN page" library="signIn">
<kw name="Click Element" library="SeleniumLibrary">
<doc>Click element identified by ``locator``.</doc>
<arguments>
<arg>${LOGIN_BTN}</arg>
</arguments>
<msg timestamp="20181115 22:48:14.279" level="INFO">Clicking element 'xpath=//li[@class='ggr-nav-item ggr-nav-item--secondary ggr-nav-item--login gc-desktop-visible']//a[@class='ggr-nav-link nav-list__link nav-list__link--login nav-list__link--dark'][contains(text(),'登入')]'.</msg>
<status status="PASS" starttime="20181115 22:48:14.279" endtime="20181115 22:48:17.979"></status>
</kw>
<status status="PASS" starttime="20181115 22:48:14.278" endtime="20181115 22:48:17.979"></status>
</kw>
<status status="PASS" starttime="20181115 22:48:14.278" endtime="20181115 22:48:17.979"></status>
</kw>
<kw name="Verify LOGIN page landing successsful" library="gogoroWebApp">
<kw name="Verify landing LOGIN page" library="signIn">
<kw name="Wait Until Page Contains" library="SeleniumLibrary">
<doc>Waits until ``text`` appears on current page.</doc>
<arguments>
<arg>電子信箱</arg>
</arguments>
<status status="PASS" starttime="20181115 22:48:17.980" endtime="20181115 22:48:18.023"></status>
</kw>
<kw name="Page Should Contain Element" library="SeleniumLibrary">
<doc>Verifies that element ``locator`` is found on the current page.</doc>
<arguments>
<arg>${EMAIL_FIELD}</arg>
</arguments>
<msg timestamp="20181115 22:48:18.037" level="INFO">Current page contains element 'xpath=//input[@id='email']'.</msg>
<status status="PASS" starttime="20181115 22:48:18.024" endtime="20181115 22:48:18.037"></status>
</kw>
<status status="PASS" starttime="20181115 22:48:17.980" endtime="20181115 22:48:18.037"></status>
</kw>
<status status="PASS" starttime="20181115 22:48:17.979" endtime="20181115 22:48:18.038"></status>
</kw>
<doc>正確進入Login Page</doc>
<tags>
<tag>smoke Login</tag>
</tags>
<status status="PASS" starttime="20181115 22:48:14.277" endtime="20181115 22:48:18.038" critical="yes"></status>
</test>
<test id="s1-t3" name="Login with Invalid Email">
<kw name="Login with Invalid Email" library="gogoroWebApp">
<arguments>
<arg>${INVALID_LOGIN_EMAIL}</arg>
<arg>${INVALID_LOGIN_PASSWORD}</arg>
</arguments>
<kw name="Login With Credentials" library="signIn">
<arguments>
<arg>${Username}</arg>
<arg>${Password}</arg>
</arguments>
<kw name="Fill &quot;Email&quot; Field" library="signIn">
<arguments>
<arg>${Username}</arg>
</arguments>
<kw name="Input Text" library="SeleniumLibrary">
<doc>Types the given ``text`` into text field identified by ``locator``.</doc>
<arguments>
<arg>${EMAIL_FIELD}</arg>
<arg>${Username}</arg>
</arguments>
<msg timestamp="20181115 22:48:18.044" level="INFO">Typing text 'fqoff740818@gmail.co' into text field 'xpath=//input[@id='email']'.</msg>
<status status="PASS" starttime="20181115 22:48:18.044" endtime="20181115 22:48:18.151"></status>
</kw>
<kw name="Log" library="BuiltIn">
<doc>Logs the given message with the given level.</doc>
<arguments>
<arg>Filling Email field with ${Username}</arg>
</arguments>
<msg timestamp="20181115 22:48:18.151" level="INFO">Filling Email field with fqoff740818@gmail.co</msg>
<status status="PASS" starttime="20181115 22:48:18.151" endtime="20181115 22:48:18.151"></status>
</kw>
<status status="PASS" starttime="20181115 22:48:18.042" endtime="20181115 22:48:18.151"></status>
</kw>
<kw name="Fill &quot;Password&quot; Field" library="signIn">
<arguments>
<arg>${Password}</arg>
</arguments>
<kw name="Input Text" library="SeleniumLibrary">
<doc>Types the given ``text`` into text field identified by ``locator``.</doc>
<arguments>
<arg>${PASSWORD_FIELD}</arg>
<arg>${Password}</arg>
</arguments>
<msg timestamp="20181115 22:48:18.152" level="INFO">Typing text 'yyyy123+++' into text field 'xpath=//input[@id='password']'.</msg>
<status status="PASS" starttime="20181115 22:48:18.152" endtime="20181115 22:48:18.207"></status>
</kw>
<kw name="Log" library="BuiltIn">
<doc>Logs the given message with the given level.</doc>
<arguments>
<arg>Filling Password field with ${Password}</arg>
</arguments>
<msg timestamp="20181115 22:48:18.207" level="INFO">Filling Password field with yyyy123+++</msg>
<status status="PASS" starttime="20181115 22:48:18.207" endtime="20181115 22:48:18.207"></status>
</kw>
<status status="PASS" starttime="20181115 22:48:18.152" endtime="20181115 22:48:18.208"></status>
</kw>
<status status="PASS" starttime="20181115 22:48:18.041" endtime="20181115 22:48:18.208"></status>
</kw>
<kw name="Click &quot;LOGIN&quot; button" library="signIn">
<kw name="Click Element" library="SeleniumLibrary">
<doc>Click element identified by ``locator``.</doc>
<arguments>
<arg>xpath=//span[@class='ladda-label']</arg>
</arguments>
<msg timestamp="20181115 22:48:18.209" level="INFO">Clicking element 'xpath=//span[@class='ladda-label']'.</msg>
<status status="PASS" starttime="20181115 22:48:18.208" endtime="20181115 22:48:19.541"></status>
</kw>
<status status="PASS" starttime="20181115 22:48:18.208" endtime="20181115 22:48:19.541"></status>
</kw>
<status status="PASS" starttime="20181115 22:48:18.041" endtime="20181115 22:48:19.541"></status>
</kw>
<kw name="Verfiy popup Invalid Email message" library="gogoroWebApp">
<kw name="Verfiy popup Invalid Email message" library="signIn">
<kw name="Wait Until Element Is Visible" library="SeleniumLibrary">
<doc>Waits until element ``locator`` is visible.</doc>
<arguments>
<arg>xpath=//div[@type='danger']//div</arg>
</arguments>
<status status="PASS" starttime="20181115 22:48:19.542" endtime="20181115 22:48:19.587"></status>
</kw>
<kw name="Page Should Contain" library="SeleniumLibrary">
<doc>Verifies that current page contains ``text``.</doc>
<arguments>
<arg>此電子信箱不存在</arg>
</arguments>
<msg timestamp="20181115 22:48:19.608" level="INFO">Current page contains text '此電子信箱不存在'.</msg>
<status status="PASS" starttime="20181115 22:48:19.588" endtime="20181115 22:48:19.609"></status>
</kw>
<status status="PASS" starttime="20181115 22:48:19.542" endtime="20181115 22:48:19.609"></status>
</kw>
<status status="PASS" starttime="20181115 22:48:19.542" endtime="20181115 22:48:19.609"></status>
</kw>
<doc>非法Email測試</doc>
<tags>
<tag>smoke Login</tag>
</tags>
<status status="PASS" starttime="20181115 22:48:18.039" endtime="20181115 22:48:19.610" critical="yes"></status>
</test>
<test id="s1-t4" name="Login with Invalid Password">
<kw name="Login with Invalid Password" library="gogoroWebApp">
<arguments>
<arg>${LOGIN_EMAIL}</arg>
<arg>${INVALID_LOGIN_PASSWORD}</arg>
</arguments>
<kw name="Login With Credentials" library="signIn">
<arguments>
<arg>${Username}</arg>
<arg>${Password}</arg>
</arguments>
<kw name="Fill &quot;Email&quot; Field" library="signIn">
<arguments>
<arg>${Username}</arg>
</arguments>
<kw name="Input Text" library="SeleniumLibrary">
<doc>Types the given ``text`` into text field identified by ``locator``.</doc>
<arguments>
<arg>${EMAIL_FIELD}</arg>
<arg>${Username}</arg>
</arguments>
<msg timestamp="20181115 22:48:19.613" level="INFO">Typing text 'fqoff740818@gmail.com' into text field 'xpath=//input[@id='email']'.</msg>
<status status="PASS" starttime="20181115 22:48:19.612" endtime="20181115 22:48:19.720"></status>
</kw>
<kw name="Log" library="BuiltIn">
<doc>Logs the given message with the given level.</doc>
<arguments>
<arg>Filling Email field with ${Username}</arg>
</arguments>
<msg timestamp="20181115 22:48:19.721" level="INFO">Filling Email field with fqoff740818@gmail.com</msg>
<status status="PASS" starttime="20181115 22:48:19.721" endtime="20181115 22:48:19.721"></status>
</kw>
<status status="PASS" starttime="20181115 22:48:19.612" endtime="20181115 22:48:19.721"></status>
</kw>
<kw name="Fill &quot;Password&quot; Field" library="signIn">
<arguments>
<arg>${Password}</arg>
</arguments>
<kw name="Input Text" library="SeleniumLibrary">
<doc>Types the given ``text`` into text field identified by ``locator``.</doc>
<arguments>
<arg>${PASSWORD_FIELD}</arg>
<arg>${Password}</arg>
</arguments>
<msg timestamp="20181115 22:48:19.722" level="INFO">Typing text 'yyyy123+++' into text field 'xpath=//input[@id='password']'.</msg>
<status status="PASS" starttime="20181115 22:48:19.722" endtime="20181115 22:48:19.856"></status>
</kw>
<kw name="Log" library="BuiltIn">
<doc>Logs the given message with the given level.</doc>
<arguments>
<arg>Filling Password field with ${Password}</arg>
</arguments>
<msg timestamp="20181115 22:48:19.857" level="INFO">Filling Password field with yyyy123+++</msg>
<status status="PASS" starttime="20181115 22:48:19.857" endtime="20181115 22:48:19.857"></status>
</kw>
<status status="PASS" starttime="20181115 22:48:19.722" endtime="20181115 22:48:19.857"></status>
</kw>
<status status="PASS" starttime="20181115 22:48:19.612" endtime="20181115 22:48:19.857"></status>
</kw>
<kw name="Click &quot;LOGIN&quot; button" library="signIn">
<kw name="Click Element" library="SeleniumLibrary">
<doc>Click element identified by ``locator``.</doc>
<arguments>
<arg>xpath=//span[@class='ladda-label']</arg>
</arguments>
<msg timestamp="20181115 22:48:19.858" level="INFO">Clicking element 'xpath=//span[@class='ladda-label']'.</msg>
<status status="PASS" starttime="20181115 22:48:19.858" endtime="20181115 22:48:21.829"></status>
</kw>
<status status="PASS" starttime="20181115 22:48:19.857" endtime="20181115 22:48:21.829"></status>
</kw>
<status status="PASS" starttime="20181115 22:48:19.611" endtime="20181115 22:48:21.829"></status>
</kw>
<kw name="Verfiy popup Invalid Password message" library="gogoroWebApp">
<kw name="Verfiy popup Invalid Password message" library="signIn">
<kw name="Wait Until Element Is Visible" library="SeleniumLibrary">
<doc>Waits until element ``locator`` is visible.</doc>
<arguments>
<arg>xpath=//div[@type='danger']//div</arg>
</arguments>
<status status="PASS" starttime="20181115 22:48:21.830" endtime="20181115 22:48:21.903"></status>
</kw>
<kw name="Page Should Contain" library="SeleniumLibrary">
<doc>Verifies that current page contains ``text``.</doc>
<arguments>
<arg>請確認帳號和密碼</arg>
</arguments>
<msg timestamp="20181115 22:48:21.920" level="INFO">Current page contains text '請確認帳號和密碼'.</msg>
<status status="PASS" starttime="20181115 22:48:21.904" endtime="20181115 22:48:21.920"></status>
</kw>
<status status="PASS" starttime="20181115 22:48:21.830" endtime="20181115 22:48:21.920"></status>
</kw>
<status status="PASS" starttime="20181115 22:48:21.830" endtime="20181115 22:48:21.920"></status>
</kw>
<doc>非法Password測試</doc>
<tags>
<tag>smoke Login</tag>
</tags>
<status status="PASS" starttime="20181115 22:48:19.610" endtime="20181115 22:48:21.921" critical="yes"></status>
</test>
<test id="s1-t5" name="Login with Invalid len Password">
<kw name="Login with Invalid Password" library="gogoroWebApp">
<arguments>
<arg>${LOGIN_EMAIL}</arg>
<arg>123</arg>
</arguments>
<kw name="Login With Credentials" library="signIn">
<arguments>
<arg>${Username}</arg>
<arg>${Password}</arg>
</arguments>
<kw name="Fill &quot;Email&quot; Field" library="signIn">
<arguments>
<arg>${Username}</arg>
</arguments>
<kw name="Input Text" library="SeleniumLibrary">
<doc>Types the given ``text`` into text field identified by ``locator``.</doc>
<arguments>
<arg>${EMAIL_FIELD}</arg>
<arg>${Username}</arg>
</arguments>
<msg timestamp="20181115 22:48:21.924" level="INFO">Typing text 'fqoff740818@gmail.com' into text field 'xpath=//input[@id='email']'.</msg>
<status status="PASS" starttime="20181115 22:48:21.924" endtime="20181115 22:48:22.017"></status>
</kw>
<kw name="Log" library="BuiltIn">
<doc>Logs the given message with the given level.</doc>
<arguments>
<arg>Filling Email field with ${Username}</arg>
</arguments>
<msg timestamp="20181115 22:48:22.018" level="INFO">Filling Email field with fqoff740818@gmail.com</msg>
<status status="PASS" starttime="20181115 22:48:22.018" endtime="20181115 22:48:22.018"></status>
</kw>
<status status="PASS" starttime="20181115 22:48:21.923" endtime="20181115 22:48:22.018"></status>
</kw>
<kw name="Fill &quot;Password&quot; Field" library="signIn">
<arguments>
<arg>${Password}</arg>
</arguments>
<kw name="Input Text" library="SeleniumLibrary">
<doc>Types the given ``text`` into text field identified by ``locator``.</doc>
<arguments>
<arg>${PASSWORD_FIELD}</arg>
<arg>${Password}</arg>
</arguments>
<msg timestamp="20181115 22:48:22.019" level="INFO">Typing text '123' into text field 'xpath=//input[@id='password']'.</msg>
<status status="PASS" starttime="20181115 22:48:22.019" endtime="20181115 22:48:22.053"></status>
</kw>
<kw name="Log" library="BuiltIn">
<doc>Logs the given message with the given level.</doc>
<arguments>
<arg>Filling Password field with ${Password}</arg>
</arguments>
<msg timestamp="20181115 22:48:22.054" level="INFO">Filling Password field with 123</msg>
<status status="PASS" starttime="20181115 22:48:22.054" endtime="20181115 22:48:22.054"></status>
</kw>
<status status="PASS" starttime="20181115 22:48:22.019" endtime="20181115 22:48:22.054"></status>
</kw>
<status status="PASS" starttime="20181115 22:48:21.923" endtime="20181115 22:48:22.055"></status>
</kw>
<kw name="Click &quot;LOGIN&quot; button" library="signIn">
<kw name="Click Element" library="SeleniumLibrary">
<doc>Click element identified by ``locator``.</doc>
<arguments>
<arg>xpath=//span[@class='ladda-label']</arg>
</arguments>
<msg timestamp="20181115 22:48:22.055" level="INFO">Clicking element 'xpath=//span[@class='ladda-label']'.</msg>
<status status="PASS" starttime="20181115 22:48:22.055" endtime="20181115 22:48:22.305"></status>
</kw>
<status status="PASS" starttime="20181115 22:48:22.055" endtime="20181115 22:48:22.306"></status>
</kw>
<status status="PASS" starttime="20181115 22:48:21.922" endtime="20181115 22:48:22.306"></status>
</kw>
<kw name="Verfiy popup Invalid len Password message" library="gogoroWebApp">
<kw name="Verfiy popup Invalid len Password message" library="signIn">
<kw name="Wait Until Element Is Visible" library="SeleniumLibrary">
<doc>Waits until element ``locator`` is visible.</doc>
<arguments>
<arg>xpath=//span[@class='help-block']</arg>
</arguments>
<status status="PASS" starttime="20181115 22:48:22.307" endtime="20181115 22:48:22.319"></status>
</kw>
<kw name="Page Should Contain" library="SeleniumLibrary">
<doc>Verifies that current page contains ``text``.</doc>
<arguments>
<arg>請輸入最少8以及最多20個數字的密碼</arg>
</arguments>
<msg timestamp="20181115 22:48:22.328" level="INFO">Current page contains text '請輸入最少8以及最多20個數字的密碼'.</msg>
<status status="PASS" starttime="20181115 22:48:22.319" endtime="20181115 22:48:22.329"></status>
</kw>
<kw name="Sleep" library="BuiltIn">
<doc>Pauses the test executed for the given time.</doc>
<arguments>
<arg>1.5s</arg>
</arguments>
<msg timestamp="20181115 22:48:23.832" level="INFO">Slept 1 second 500 milliseconds</msg>
<status status="PASS" starttime="20181115 22:48:22.329" endtime="20181115 22:48:23.832"></status>
</kw>
<status status="PASS" starttime="20181115 22:48:22.307" endtime="20181115 22:48:23.832"></status>
</kw>
<status status="PASS" starttime="20181115 22:48:22.306" endtime="20181115 22:48:23.832"></status>
</kw>
<doc>非法Password格式測試</doc>
<tags>
<tag>smoke Login</tag>
</tags>
<status status="PASS" starttime="20181115 22:48:21.921" endtime="20181115 22:48:23.833" critical="yes"></status>
</test>
<test id="s1-t6" name="Login with Valid Credentials">
<kw name="Login with Valid Credentials" library="gogoroWebApp">
<arguments>
<arg>${LOGIN_EMAIL}</arg>
<arg>${LOGIN_PASSWORD}</arg>
</arguments>
<kw name="Login With Credentials" library="signIn">
<arguments>
<arg>${Username}</arg>
<arg>${Password}</arg>
</arguments>
<kw name="Fill &quot;Email&quot; Field" library="signIn">
<arguments>
<arg>${Username}</arg>
</arguments>
<kw name="Input Text" library="SeleniumLibrary">
<doc>Types the given ``text`` into text field identified by ``locator``.</doc>
<arguments>
<arg>${EMAIL_FIELD}</arg>
<arg>${Username}</arg>
</arguments>
<msg timestamp="20181115 22:48:23.837" level="INFO">Typing text 'fqoff740818@gmail.com' into text field 'xpath=//input[@id='email']'.</msg>
<kw name="Capture Page Screenshot" library="SeleniumLibrary">
<doc>Takes screenshot of the current page and embeds it into log file.</doc>
<msg timestamp="20181115 22:48:23.878" level="FAIL">SessionNotCreatedException: Message: Tried to run command without establishing a connection
</msg>
<status status="FAIL" starttime="20181115 22:48:23.872" endtime="20181115 22:48:23.878"></status>
</kw>
<msg timestamp="20181115 22:48:23.878" level="WARN">Keyword 'Capture Page Screenshot' could not be run on failure: SessionNotCreatedException: Message: Tried to run command without establishing a connection
</msg>
<msg timestamp="20181115 22:48:23.880" level="FAIL">WebDriverException: Message: Failed to decode response from marionette
</msg>
<status status="FAIL" starttime="20181115 22:48:23.837" endtime="20181115 22:48:23.880"></status>
</kw>
<status status="FAIL" starttime="20181115 22:48:23.836" endtime="20181115 22:48:23.880"></status>
</kw>
<status status="FAIL" starttime="20181115 22:48:23.836" endtime="20181115 22:48:23.880"></status>
</kw>
<status status="FAIL" starttime="20181115 22:48:23.835" endtime="20181115 22:48:23.880"></status>
</kw>
<doc>正確登入測試</doc>
<tags>
<tag>smoke Login</tag>
</tags>
<status status="FAIL" starttime="20181115 22:48:23.833" endtime="20181115 22:48:23.881" critical="yes">WebDriverException: Message: Failed to decode response from marionette
</status>
</test>
<test id="s1-t7" name="Feature 1">
<kw name="Log" library="BuiltIn">
<doc>Logs the given message with the given level.</doc>
<arguments>
<arg>feature1 test test</arg>
</arguments>
<msg timestamp="20181115 22:48:23.882" level="INFO">feature1 test test</msg>
<status status="PASS" starttime="20181115 22:48:23.882" endtime="20181115 22:48:23.883"></status>
</kw>
<status status="PASS" starttime="20181115 22:48:23.881" endtime="20181115 22:48:23.883" critical="yes"></status>
</test>
<doc>gogoro web login test</doc>
<status status="FAIL" starttime="20181115 22:48:03.425" endtime="20181115 22:48:23.885"></status>
</suite>
<statistics>
<total>
<stat pass="6" fail="1">Critical Tests</stat>
<stat pass="6" fail="1">All Tests</stat>
</total>
<tag>
<stat pass="1" fail="0">smoke LandingMainPage</stat>
<stat pass="4" fail="1">smoke Login</stat>
</tag>
<suite>
<stat pass="6" fail="1" id="s1" name="Gogoro">Gogoro</stat>
</suite>
</statistics>
<errors>
<msg timestamp="20181115 22:48:23.878" level="WARN">Keyword 'Capture Page Screenshot' could not be run on failure: SessionNotCreatedException: Message: Tried to run command without establishing a connection
</msg>
</errors>
</robot>
